66.0 APEX_CODE,DEBUG;APEX_PROFILING,INFO
Execute Anonymous: List<Account> accData2 = [Select Id, (Select Id From Contacts) From Account];
Execute Anonymous:         for(Account acc: accData2){
Execute Anonymous:             system.debug('Total Contact##'+ acc.Contacts.size());
Execute Anonymous:         }
13:08:14.84 (84786056)|USER_INFO|[EXTERNAL]|005dM00000YTrN7|devvinaymalik@brave-moose-jw50ef.com|(GMT+05:30) India Standard Time (Asia/Kolkata)|GMT+05:30
13:08:14.84 (84827066)|EXECUTION_STARTED
13:08:14.84 (84860798)|CODE_UNIT_STARTED|[EXTERNAL]|execute_anonymous_apex
13:08:14.84 (114892655)|USER_DEBUG|[3]|DEBUG|Total Contact##2
13:08:14.84 (114977938)|USER_DEBUG|[3]|DEBUG|Total Contact##1
13:08:14.84 (115028379)|USER_DEBUG|[3]|DEBUG|Total Contact##1
13:08:14.84 (115076210)|USER_DEBUG|[3]|DEBUG|Total Contact##1
13:08:14.84 (115121423)|USER_DEBUG|[3]|DEBUG|Total Contact##2
13:08:14.84 (115165713)|USER_DEBUG|[3]|DEBUG|Total Contact##4
13:08:14.84 (115211485)|USER_DEBUG|[3]|DEBUG|Total Contact##2
13:08:14.84 (115256056)|USER_DEBUG|[3]|DEBUG|Total Contact##1
13:08:14.84 (115304418)|USER_DEBUG|[3]|DEBUG|Total Contact##1
13:08:14.84 (115349590)|USER_DEBUG|[3]|DEBUG|Total Contact##2
13:08:14.84 (115395811)|USER_DEBUG|[3]|DEBUG|Total Contact##1
13:08:14.84 (115441514)|USER_DEBUG|[3]|DEBUG|Total Contact##2
13:08:14.84 (115486715)|USER_DEBUG|[3]|DEBUG|Total Contact##0
13:08:14.84 (115529896)|USER_DEBUG|[3]|DEBUG|Total Contact##0
13:08:14.84 (115574327)|USER_DEBUG|[3]|DEBUG|Total Contact##0
13:08:14.115 (115729183)|CUMULATIVE_LIMIT_USAGE
13:08:14.115 (115729183)|LIMIT_USAGE_FOR_NS|(default)|
  Number of SOQL queries: 1 out of 100
  Number of query rows: 35 out of 50000
  Number of SOSL queries: 0 out of 20
  Number of DML statements: 0 out of 150
  Number of Publish Immediate DML: 0 out of 150
  Number of DML rows: 0 out of 10000
  Maximum CPU time: 0 out of 10000
  Maximum heap size: 0 out of 6000000
  Number of callouts: 0 out of 100
  Number of Email Invocations: 0 out of 10
  Number of future calls: 0 out of 50
  Number of queueable jobs added to the queue: 0 out of 50
  Number of Mobile Apex push calls: 0 out of 10

13:08:14.115 (115729183)|CUMULATIVE_LIMIT_USAGE_END

13:08:14.84 (115808875)|CODE_UNIT_FINISHED|execute_anonymous_apex
13:08:14.84 (115830016)|EXECUTION_FINISHED
